<?xml version="1.0" encoding="UTF-8"?>
<!-- Generated by org.testng.reporters.JUnitReportReporter -->
<testsuite skipped="0" hostname="Mahesh-PC" name="com.stc.testProject.testProject.InvokeApp" tests="1" failures="0" timestamp="27 Aug 2020 04:24:40 GMT" time="24.367" errors="0">
  <testcase name="f" time="24.367" classname="com.stc.testProject.testProject.InvokeApp"/>
</testsuite> <!-- com.stc.testProject.testProject.InvokeApp -->
